[main] INFO  resource.commonUtils.RestLogger  - ********************************************************
[main] INFO  resource.commonUtils.RestLogger  - ********************************************************
[main] INFO  resource.commonUtils.RestLogger  - $$$$$$$$$$$$$$$      Verify Create Repo API     $$$$$$$$$$$$$$
[main] INFO  resource.commonUtils.RestLogger  - ********************************************************
[main] INFO  resource.commonUtils.RestLogger  - ********************************************************
[main] INFO  resource.commonUtils.RestLogger  - BaseIRI is-https://api.github.com
[main] INFO  resource.commonUtils.RestLogger  - Resource path  is-/user/repos
[main] INFO  resource.commonUtils.RestLogger  - Request payload is{
  "name" : "API_BDDFramework_7",
  "description" : "API repo created via BDD"
}
[main] INFO  resource.commonUtils.RestLogger  - Response of request is-{"id":642332354,"node_id":"R_kgDOJkk2wg","name":"API_BDDFramework_7","full_name":"maradwad/API_BDDFramework_7","private":false,"owner":{"login":"maradwad","id":101542302,"node_id":"U_kgDOBg1png","avatar_url":"https://avatars.githubusercontent.com/u/101542302?v=4","gravatar_id":"","url":"https://api.github.com/users/maradwad","html_url":"https://github.com/maradwad","followers_url":"https://api.github.com/users/maradwad/followers","following_url":"https://api.github.com/users/maradwad/following{/other_user}","gists_url":"https://api.github.com/users/maradwad/gists{/gist_id}","starred_url":"https://api.github.com/users/maradwad/starred{/owner}{/repo}","subscriptions_url":"https://api.github.com/users/maradwad/subscriptions","organizations_url":"https://api.github.com/users/maradwad/orgs","repos_url":"https://api.github.com/users/maradwad/repos","events_url":"https://api.github.com/users/maradwad/events{/privacy}","received_events_url":"https://api.github.com/users/maradwad/received_events","type":"User","site_admin":false},"html_url":"https://github.com/maradwad/API_BDDFramework_7","description":"API repo created via BDD","fork":false,"url":"https://api.github.com/repos/maradwad/API_BDDFramework_7","forks_url":"https://api.github.com/repos/maradwad/API_BDDFramework_7/forks","keys_url":"https://api.github.com/repos/maradwad/API_BDDFramework_7/keys{/key_id}","collaborators_url":"https://api.github.com/repos/maradwad/API_BDDFramework_7/collaborators{/collaborator}","teams_url":"https://api.github.com/repos/maradwad/API_BDDFramework_7/teams","hooks_url":"https://api.github.com/repos/maradwad/API_BDDFramework_7/hooks","issue_events_url":"https://api.github.com/repos/maradwad/API_BDDFramework_7/issues/events{/number}","events_url":"https://api.github.com/repos/maradwad/API_BDDFramework_7/events","assignees_url":"https://api.github.com/repos/maradwad/API_BDDFramework_7/assignees{/user}","branches_url":"https://api.github.com/repos/maradwad/API_BDDFramework_7/branches{/branch}","tags_url":"https://api.github.com/repos/maradwad/API_BDDFramework_7/tags","blobs_url":"https://api.github.com/repos/maradwad/API_BDDFramework_7/git/blobs{/sha}","git_tags_url":"https://api.github.com/repos/maradwad/API_BDDFramework_7/git/tags{/sha}","git_refs_url":"https://api.github.com/repos/maradwad/API_BDDFramework_7/git/refs{/sha}","trees_url":"https://api.github.com/repos/maradwad/API_BDDFramework_7/git/trees{/sha}","statuses_url":"https://api.github.com/repos/maradwad/API_BDDFramework_7/statuses/{sha}","languages_url":"https://api.github.com/repos/maradwad/API_BDDFramework_7/languages","stargazers_url":"https://api.github.com/repos/maradwad/API_BDDFramework_7/stargazers","contributors_url":"https://api.github.com/repos/maradwad/API_BDDFramework_7/contributors","subscribers_url":"https://api.github.com/repos/maradwad/API_BDDFramework_7/subscribers","subscription_url":"https://api.github.com/repos/maradwad/API_BDDFramework_7/subscription","commits_url":"https://api.github.com/repos/maradwad/API_BDDFramework_7/commits{/sha}","git_commits_url":"https://api.github.com/repos/maradwad/API_BDDFramework_7/git/commits{/sha}","comments_url":"https://api.github.com/repos/maradwad/API_BDDFramework_7/comments{/number}","issue_comment_url":"https://api.github.com/repos/maradwad/API_BDDFramework_7/issues/comments{/number}","contents_url":"https://api.github.com/repos/maradwad/API_BDDFramework_7/contents/{+path}","compare_url":"https://api.github.com/repos/maradwad/API_BDDFramework_7/compare/{base}...{head}","merges_url":"https://api.github.com/repos/maradwad/API_BDDFramework_7/merges","archive_url":"https://api.github.com/repos/maradwad/API_BDDFramework_7/{archive_format}{/ref}","downloads_url":"https://api.github.com/repos/maradwad/API_BDDFramework_7/downloads","issues_url":"https://api.github.com/repos/maradwad/API_BDDFramework_7/issues{/number}","pulls_url":"https://api.github.com/repos/maradwad/API_BDDFramework_7/pulls{/number}","milestones_url":"https://api.github.com/repos/maradwad/API_BDDFramework_7/milestones{/number}","notifications_url":"https://api.github.com/repos/maradwad/API_BDDFramework_7/notifications{?since,all,participating}","labels_url":"https://api.github.com/repos/maradwad/API_BDDFramework_7/labels{/name}","releases_url":"https://api.github.com/repos/maradwad/API_BDDFramework_7/releases{/id}","deployments_url":"https://api.github.com/repos/maradwad/API_BDDFramework_7/deployments","created_at":"2023-05-18T10:33:38Z","updated_at":"2023-05-18T10:33:39Z","pushed_at":"2023-05-18T10:33:39Z","git_url":"git://github.com/maradwad/API_BDDFramework_7.git","ssh_url":"git@github.com:maradwad/API_BDDFramework_7.git","clone_url":"https://github.com/maradwad/API_BDDFramework_7.git","svn_url":"https://github.com/maradwad/API_BDDFramework_7","homepage":null,"size":0,"stargazers_count":0,"watchers_count":0,"language":null,"has_issues":true,"has_projects":true,"has_downloads":true,"has_wiki":true,"has_pages":false,"has_discussions":false,"forks_count":0,"mirror_url":null,"archived":false,"disabled":false,"open_issues_count":0,"license":null,"allow_forking":true,"is_template":false,"web_commit_signoff_required":false,"topics":[],"visibility":"public","forks":0,"open_issues":0,"watchers":0,"default_branch":"main","permissions":{"admin":true,"maintain":true,"push":true,"triage":true,"pull":true},"allow_squash_merge":true,"allow_merge_commit":true,"allow_rebase_merge":true,"allow_auto_merge":false,"delete_branch_on_merge":false,"allow_update_branch":false,"use_squash_pr_title_as_default":false,"squash_merge_commit_message":"COMMIT_MESSAGES","squash_merge_commit_title":"COMMIT_OR_PR_TITLE","merge_commit_message":"PR_TITLE","merge_commit_title":"MERGE_MESSAGE","network_count":0,"subscribers_count":1}
[main] INFO  resource.commonUtils.RestLogger  - XXXXXXXXXXXXXXXXXX     -E--N--D-     XXXXXXXXXXXXXXXXXX
[main] INFO  resource.commonUtils.RestLogger  - XXXXXXXXXXXXXXXXXX*************************XXXXXXXXXXXXXXXXXX
[main] INFO  resource.commonUtils.RestLogger  - XXXXXXXXXXXXXXXXXX*************************XXXXXXXXXXXXXXXXXX
[main] INFO  resource.commonUtils.RestLogger  - X
[main] INFO  resource.commonUtils.RestLogger  - X
[main] INFO  resource.commonUtils.RestLogger  - X
[main] INFO  resource.commonUtils.RestLogger  - X
[main] INFO  resource.commonUtils.RestLogger  - ********************************************************
[main] INFO  resource.commonUtils.RestLogger  - ********************************************************
[main] INFO  resource.commonUtils.RestLogger  - $$$$$$$$$$$$$$$      Verify delete Repo API     $$$$$$$$$$$$$$
[main] INFO  resource.commonUtils.RestLogger  - ********************************************************
[main] INFO  resource.commonUtils.RestLogger  - ********************************************************
[main] INFO  resource.commonUtils.RestLogger  - Delete URI is-https://api.github.com/repos/maradwad/API_BDDFramework_7
[main] INFO  resource.commonUtils.RestLogger  - XXXXXXXXXXXXXXXXXX     -E--N--D-     XXXXXXXXXXXXXXXXXX
[main] INFO  resource.commonUtils.RestLogger  - XXXXXXXXXXXXXXXXXX*************************XXXXXXXXXXXXXXXXXX
[main] INFO  resource.commonUtils.RestLogger  - XXXXXXXXXXXXXXXXXX*************************XXXXXXXXXXXXXXXXXX
[main] INFO  resource.commonUtils.RestLogger  - X
[main] INFO  resource.commonUtils.RestLogger  - X
[main] INFO  resource.commonUtils.RestLogger  - X
[main] INFO  resource.commonUtils.RestLogger  - X
[main] INFO  resource.commonUtils.RestLogger  - ********************************************************
[main] INFO  resource.commonUtils.RestLogger  - ********************************************************
[main] INFO  resource.commonUtils.RestLogger  - $$$$$$$$$$$$$$$      Verify Create Repo API     $$$$$$$$$$$$$$
[main] INFO  resource.commonUtils.RestLogger  - ********************************************************
[main] INFO  resource.commonUtils.RestLogger  - ********************************************************
[main] INFO  resource.commonUtils.RestLogger  - BaseIRI is-https://api.github.com
[main] INFO  resource.commonUtils.RestLogger  - Resource path  is-/user/repos
[main] INFO  resource.commonUtils.RestLogger  - Request payload is{
  "name" : "API_BDDFramework_7",
  "description" : "API repo created via BDD"
}
[main] INFO  resource.commonUtils.RestLogger  - Response of request is-{"id":647204944,"node_id":"R_kgDOJpOQUA","name":"API_BDDFramework_7","full_name":"maradwad/API_BDDFramework_7","private":false,"owner":{"login":"maradwad","id":101542302,"node_id":"U_kgDOBg1png","avatar_url":"https://avatars.githubusercontent.com/u/101542302?v=4","gravatar_id":"","url":"https://api.github.com/users/maradwad","html_url":"https://github.com/maradwad","followers_url":"https://api.github.com/users/maradwad/followers","following_url":"https://api.github.com/users/maradwad/following{/other_user}","gists_url":"https://api.github.com/users/maradwad/gists{/gist_id}","starred_url":"https://api.github.com/users/maradwad/starred{/owner}{/repo}","subscriptions_url":"https://api.github.com/users/maradwad/subscriptions","organizations_url":"https://api.github.com/users/maradwad/orgs","repos_url":"https://api.github.com/users/maradwad/repos","events_url":"https://api.github.com/users/maradwad/events{/privacy}","received_events_url":"https://api.github.com/users/maradwad/received_events","type":"User","site_admin":false},"html_url":"https://github.com/maradwad/API_BDDFramework_7","description":"API repo created via BDD","fork":false,"url":"https://api.github.com/repos/maradwad/API_BDDFramework_7","forks_url":"https://api.github.com/repos/maradwad/API_BDDFramework_7/forks","keys_url":"https://api.github.com/repos/maradwad/API_BDDFramework_7/keys{/key_id}","collaborators_url":"https://api.github.com/repos/maradwad/API_BDDFramework_7/collaborators{/collaborator}","teams_url":"https://api.github.com/repos/maradwad/API_BDDFramework_7/teams","hooks_url":"https://api.github.com/repos/maradwad/API_BDDFramework_7/hooks","issue_events_url":"https://api.github.com/repos/maradwad/API_BDDFramework_7/issues/events{/number}","events_url":"https://api.github.com/repos/maradwad/API_BDDFramework_7/events","assignees_url":"https://api.github.com/repos/maradwad/API_BDDFramework_7/assignees{/user}","branches_url":"https://api.github.com/repos/maradwad/API_BDDFramework_7/branches{/branch}","tags_url":"https://api.github.com/repos/maradwad/API_BDDFramework_7/tags","blobs_url":"https://api.github.com/repos/maradwad/API_BDDFramework_7/git/blobs{/sha}","git_tags_url":"https://api.github.com/repos/maradwad/API_BDDFramework_7/git/tags{/sha}","git_refs_url":"https://api.github.com/repos/maradwad/API_BDDFramework_7/git/refs{/sha}","trees_url":"https://api.github.com/repos/maradwad/API_BDDFramework_7/git/trees{/sha}","statuses_url":"https://api.github.com/repos/maradwad/API_BDDFramework_7/statuses/{sha}","languages_url":"https://api.github.com/repos/maradwad/API_BDDFramework_7/languages","stargazers_url":"https://api.github.com/repos/maradwad/API_BDDFramework_7/stargazers","contributors_url":"https://api.github.com/repos/maradwad/API_BDDFramework_7/contributors","subscribers_url":"https://api.github.com/repos/maradwad/API_BDDFramework_7/subscribers","subscription_url":"https://api.github.com/repos/maradwad/API_BDDFramework_7/subscription","commits_url":"https://api.github.com/repos/maradwad/API_BDDFramework_7/commits{/sha}","git_commits_url":"https://api.github.com/repos/maradwad/API_BDDFramework_7/git/commits{/sha}","comments_url":"https://api.github.com/repos/maradwad/API_BDDFramework_7/comments{/number}","issue_comment_url":"https://api.github.com/repos/maradwad/API_BDDFramework_7/issues/comments{/number}","contents_url":"https://api.github.com/repos/maradwad/API_BDDFramework_7/contents/{+path}","compare_url":"https://api.github.com/repos/maradwad/API_BDDFramework_7/compare/{base}...{head}","merges_url":"https://api.github.com/repos/maradwad/API_BDDFramework_7/merges","archive_url":"https://api.github.com/repos/maradwad/API_BDDFramework_7/{archive_format}{/ref}","downloads_url":"https://api.github.com/repos/maradwad/API_BDDFramework_7/downloads","issues_url":"https://api.github.com/repos/maradwad/API_BDDFramework_7/issues{/number}","pulls_url":"https://api.github.com/repos/maradwad/API_BDDFramework_7/pulls{/number}","milestones_url":"https://api.github.com/repos/maradwad/API_BDDFramework_7/milestones{/number}","notifications_url":"https://api.github.com/repos/maradwad/API_BDDFramework_7/notifications{?since,all,participating}","labels_url":"https://api.github.com/repos/maradwad/API_BDDFramework_7/labels{/name}","releases_url":"https://api.github.com/repos/maradwad/API_BDDFramework_7/releases{/id}","deployments_url":"https://api.github.com/repos/maradwad/API_BDDFramework_7/deployments","created_at":"2023-05-30T09:27:44Z","updated_at":"2023-05-30T09:27:45Z","pushed_at":"2023-05-30T09:27:45Z","git_url":"git://github.com/maradwad/API_BDDFramework_7.git","ssh_url":"git@github.com:maradwad/API_BDDFramework_7.git","clone_url":"https://github.com/maradwad/API_BDDFramework_7.git","svn_url":"https://github.com/maradwad/API_BDDFramework_7","homepage":null,"size":0,"stargazers_count":0,"watchers_count":0,"language":null,"has_issues":true,"has_projects":true,"has_downloads":true,"has_wiki":true,"has_pages":false,"has_discussions":false,"forks_count":0,"mirror_url":null,"archived":false,"disabled":false,"open_issues_count":0,"license":null,"allow_forking":true,"is_template":false,"web_commit_signoff_required":false,"topics":[],"visibility":"public","forks":0,"open_issues":0,"watchers":0,"default_branch":"main","permissions":{"admin":true,"maintain":true,"push":true,"triage":true,"pull":true},"allow_squash_merge":true,"allow_merge_commit":true,"allow_rebase_merge":true,"allow_auto_merge":false,"delete_branch_on_merge":false,"allow_update_branch":false,"use_squash_pr_title_as_default":false,"squash_merge_commit_message":"COMMIT_MESSAGES","squash_merge_commit_title":"COMMIT_OR_PR_TITLE","merge_commit_message":"PR_TITLE","merge_commit_title":"MERGE_MESSAGE","network_count":0,"subscribers_count":1}
[main] INFO  resource.commonUtils.RestLogger  - XXXXXXXXXXXXXXXXXX     -E--N--D-     XXXXXXXXXXXXXXXXXX
[main] INFO  resource.commonUtils.RestLogger  - XXXXXXXXXXXXXXXXXX*************************XXXXXXXXXXXXXXXXXX
[main] INFO  resource.commonUtils.RestLogger  - XXXXXXXXXXXXXXXXXX*************************XXXXXXXXXXXXXXXXXX
[main] INFO  resource.commonUtils.RestLogger  - X
[main] INFO  resource.commonUtils.RestLogger  - X
[main] INFO  resource.commonUtils.RestLogger  - X
[main] INFO  resource.commonUtils.RestLogger  - X
[main] INFO  resource.commonUtils.RestLogger  - ********************************************************
[main] INFO  resource.commonUtils.RestLogger  - ********************************************************
[main] INFO  resource.commonUtils.RestLogger  - $$$$$$$$$$$$$$$      Verify delete Repo API     $$$$$$$$$$$$$$
[main] INFO  resource.commonUtils.RestLogger  - ********************************************************
[main] INFO  resource.commonUtils.RestLogger  - ********************************************************
[main] INFO  resource.commonUtils.RestLogger  - Delete URI is-https://api.github.com/repos/maradwad/API_BDDFramework_7
[main] INFO  resource.commonUtils.RestLogger  - XXXXXXXXXXXXXXXXXX     -E--N--D-     XXXXXXXXXXXXXXXXXX
[main] INFO  resource.commonUtils.RestLogger  - XXXXXXXXXXXXXXXXXX*************************XXXXXXXXXXXXXXXXXX
[main] INFO  resource.commonUtils.RestLogger  - XXXXXXXXXXXXXXXXXX*************************XXXXXXXXXXXXXXXXXX
[main] INFO  resource.commonUtils.RestLogger  - X
[main] INFO  resource.commonUtils.RestLogger  - X
[main] INFO  resource.commonUtils.RestLogger  - X
[main] INFO  resource.commonUtils.RestLogger  - X
[main] INFO  resource.commonUtils.RestLogger  - ********************************************************
[main] INFO  resource.commonUtils.RestLogger  - ********************************************************
[main] INFO  resource.commonUtils.RestLogger  - $$$$$$$$$$$$$$$      Verify Create Repo API     $$$$$$$$$$$$$$
[main] INFO  resource.commonUtils.RestLogger  - ********************************************************
[main] INFO  resource.commonUtils.RestLogger  - ********************************************************
[main] INFO  resource.commonUtils.RestLogger  - ********************************************************
[main] INFO  resource.commonUtils.RestLogger  - ********************************************************
[main] INFO  resource.commonUtils.RestLogger  - $$$$$$$$$$$$$$$      Verify delete Repo API     $$$$$$$$$$$$$$
[main] INFO  resource.commonUtils.RestLogger  - ********************************************************
[main] INFO  resource.commonUtils.RestLogger  - ********************************************************
[main] INFO  resource.commonUtils.RestLogger  - ********************************************************
[main] INFO  resource.commonUtils.RestLogger  - ********************************************************
[main] INFO  resource.commonUtils.RestLogger  - $$$$$$$$$$$$$$$      Verify Create Repo API     $$$$$$$$$$$$$$
[main] INFO  resource.commonUtils.RestLogger  - ********************************************************
[main] INFO  resource.commonUtils.RestLogger  - ********************************************************
[main] INFO  resource.commonUtils.RestLogger  - BaseIRI is-https://api.github.com
[main] INFO  resource.commonUtils.RestLogger  - Resource path  is-/user/repos
[main] INFO  resource.commonUtils.RestLogger  - Request payload is{
  "name" : "madhuri",
  "description" : "This is data driven test Repo1"
}
[main] INFO  resource.commonUtils.RestLogger  - Response of request is-{"id":647212444,"node_id":"R_kgDOJpOtnA","name":"madhuri","full_name":"maradwad/madhuri","private":false,"owner":{"login":"maradwad","id":101542302,"node_id":"U_kgDOBg1png","avatar_url":"https://avatars.githubusercontent.com/u/101542302?v=4","gravatar_id":"","url":"https://api.github.com/users/maradwad","html_url":"https://github.com/maradwad","followers_url":"https://api.github.com/users/maradwad/followers","following_url":"https://api.github.com/users/maradwad/following{/other_user}","gists_url":"https://api.github.com/users/maradwad/gists{/gist_id}","starred_url":"https://api.github.com/users/maradwad/starred{/owner}{/repo}","subscriptions_url":"https://api.github.com/users/maradwad/subscriptions","organizations_url":"https://api.github.com/users/maradwad/orgs","repos_url":"https://api.github.com/users/maradwad/repos","events_url":"https://api.github.com/users/maradwad/events{/privacy}","received_events_url":"https://api.github.com/users/maradwad/received_events","type":"User","site_admin":false},"html_url":"https://github.com/maradwad/madhuri","description":"This is data driven test Repo1","fork":false,"url":"https://api.github.com/repos/maradwad/madhuri","forks_url":"https://api.github.com/repos/maradwad/madhuri/forks","keys_url":"https://api.github.com/repos/maradwad/madhuri/keys{/key_id}","collaborators_url":"https://api.github.com/repos/maradwad/madhuri/collaborators{/collaborator}","teams_url":"https://api.github.com/repos/maradwad/madhuri/teams","hooks_url":"https://api.github.com/repos/maradwad/madhuri/hooks","issue_events_url":"https://api.github.com/repos/maradwad/madhuri/issues/events{/number}","events_url":"https://api.github.com/repos/maradwad/madhuri/events","assignees_url":"https://api.github.com/repos/maradwad/madhuri/assignees{/user}","branches_url":"https://api.github.com/repos/maradwad/madhuri/branches{/branch}","tags_url":"https://api.github.com/repos/maradwad/madhuri/tags","blobs_url":"https://api.github.com/repos/maradwad/madhuri/git/blobs{/sha}","git_tags_url":"https://api.github.com/repos/maradwad/madhuri/git/tags{/sha}","git_refs_url":"https://api.github.com/repos/maradwad/madhuri/git/refs{/sha}","trees_url":"https://api.github.com/repos/maradwad/madhuri/git/trees{/sha}","statuses_url":"https://api.github.com/repos/maradwad/madhuri/statuses/{sha}","languages_url":"https://api.github.com/repos/maradwad/madhuri/languages","stargazers_url":"https://api.github.com/repos/maradwad/madhuri/stargazers","contributors_url":"https://api.github.com/repos/maradwad/madhuri/contributors","subscribers_url":"https://api.github.com/repos/maradwad/madhuri/subscribers","subscription_url":"https://api.github.com/repos/maradwad/madhuri/subscription","commits_url":"https://api.github.com/repos/maradwad/madhuri/commits{/sha}","git_commits_url":"https://api.github.com/repos/maradwad/madhuri/git/commits{/sha}","comments_url":"https://api.github.com/repos/maradwad/madhuri/comments{/number}","issue_comment_url":"https://api.github.com/repos/maradwad/madhuri/issues/comments{/number}","contents_url":"https://api.github.com/repos/maradwad/madhuri/contents/{+path}","compare_url":"https://api.github.com/repos/maradwad/madhuri/compare/{base}...{head}","merges_url":"https://api.github.com/repos/maradwad/madhuri/merges","archive_url":"https://api.github.com/repos/maradwad/madhuri/{archive_format}{/ref}","downloads_url":"https://api.github.com/repos/maradwad/madhuri/downloads","issues_url":"https://api.github.com/repos/maradwad/madhuri/issues{/number}","pulls_url":"https://api.github.com/repos/maradwad/madhuri/pulls{/number}","milestones_url":"https://api.github.com/repos/maradwad/madhuri/milestones{/number}","notifications_url":"https://api.github.com/repos/maradwad/madhuri/notifications{?since,all,participating}","labels_url":"https://api.github.com/repos/maradwad/madhuri/labels{/name}","releases_url":"https://api.github.com/repos/maradwad/madhuri/releases{/id}","deployments_url":"https://api.github.com/repos/maradwad/madhuri/deployments","created_at":"2023-05-30T09:47:46Z","updated_at":"2023-05-30T09:47:47Z","pushed_at":"2023-05-30T09:47:47Z","git_url":"git://github.com/maradwad/madhuri.git","ssh_url":"git@github.com:maradwad/madhuri.git","clone_url":"https://github.com/maradwad/madhuri.git","svn_url":"https://github.com/maradwad/madhuri","homepage":null,"size":0,"stargazers_count":0,"watchers_count":0,"language":null,"has_issues":true,"has_projects":true,"has_downloads":true,"has_wiki":true,"has_pages":false,"has_discussions":false,"forks_count":0,"mirror_url":null,"archived":false,"disabled":false,"open_issues_count":0,"license":null,"allow_forking":true,"is_template":false,"web_commit_signoff_required":false,"topics":[],"visibility":"public","forks":0,"open_issues":0,"watchers":0,"default_branch":"main","permissions":{"admin":true,"maintain":true,"push":true,"triage":true,"pull":true},"allow_squash_merge":true,"allow_merge_commit":true,"allow_rebase_merge":true,"allow_auto_merge":false,"delete_branch_on_merge":false,"allow_update_branch":false,"use_squash_pr_title_as_default":false,"squash_merge_commit_message":"COMMIT_MESSAGES","squash_merge_commit_title":"COMMIT_OR_PR_TITLE","merge_commit_message":"PR_TITLE","merge_commit_title":"MERGE_MESSAGE","network_count":0,"subscribers_count":1}
[main] INFO  resource.commonUtils.RestLogger  - ********************************************************
[main] INFO  resource.commonUtils.RestLogger  - ********************************************************
[main] INFO  resource.commonUtils.RestLogger  - $$$$$$$$$$$$$$$      Verify Create Repo API     $$$$$$$$$$$$$$
[main] INFO  resource.commonUtils.RestLogger  - ********************************************************
[main] INFO  resource.commonUtils.RestLogger  - ********************************************************
[main] INFO  resource.commonUtils.RestLogger  - BaseIRI is-https://api.github.com
[main] INFO  resource.commonUtils.RestLogger  - Resource path  is-/user/repos
[main] INFO  resource.commonUtils.RestLogger  - Request payload is{
  "name" : "APIBDD",
  "description" : "This is data driven test Repo2"
}
[main] INFO  resource.commonUtils.RestLogger  - Response of request is-{"id":647212453,"node_id":"R_kgDOJpOtpQ","name":"APIBDD","full_name":"maradwad/APIBDD","private":false,"owner":{"login":"maradwad","id":101542302,"node_id":"U_kgDOBg1png","avatar_url":"https://avatars.githubusercontent.com/u/101542302?v=4","gravatar_id":"","url":"https://api.github.com/users/maradwad","html_url":"https://github.com/maradwad","followers_url":"https://api.github.com/users/maradwad/followers","following_url":"https://api.github.com/users/maradwad/following{/other_user}","gists_url":"https://api.github.com/users/maradwad/gists{/gist_id}","starred_url":"https://api.github.com/users/maradwad/starred{/owner}{/repo}","subscriptions_url":"https://api.github.com/users/maradwad/subscriptions","organizations_url":"https://api.github.com/users/maradwad/orgs","repos_url":"https://api.github.com/users/maradwad/repos","events_url":"https://api.github.com/users/maradwad/events{/privacy}","received_events_url":"https://api.github.com/users/maradwad/received_events","type":"User","site_admin":false},"html_url":"https://github.com/maradwad/APIBDD","description":"This is data driven test Repo2","fork":false,"url":"https://api.github.com/repos/maradwad/APIBDD","forks_url":"https://api.github.com/repos/maradwad/APIBDD/forks","keys_url":"https://api.github.com/repos/maradwad/APIBDD/keys{/key_id}","collaborators_url":"https://api.github.com/repos/maradwad/APIBDD/collaborators{/collaborator}","teams_url":"https://api.github.com/repos/maradwad/APIBDD/teams","hooks_url":"https://api.github.com/repos/maradwad/APIBDD/hooks","issue_events_url":"https://api.github.com/repos/maradwad/APIBDD/issues/events{/number}","events_url":"https://api.github.com/repos/maradwad/APIBDD/events","assignees_url":"https://api.github.com/repos/maradwad/APIBDD/assignees{/user}","branches_url":"https://api.github.com/repos/maradwad/APIBDD/branches{/branch}","tags_url":"https://api.github.com/repos/maradwad/APIBDD/tags","blobs_url":"https://api.github.com/repos/maradwad/APIBDD/git/blobs{/sha}","git_tags_url":"https://api.github.com/repos/maradwad/APIBDD/git/tags{/sha}","git_refs_url":"https://api.github.com/repos/maradwad/APIBDD/git/refs{/sha}","trees_url":"https://api.github.com/repos/maradwad/APIBDD/git/trees{/sha}","statuses_url":"https://api.github.com/repos/maradwad/APIBDD/statuses/{sha}","languages_url":"https://api.github.com/repos/maradwad/APIBDD/languages","stargazers_url":"https://api.github.com/repos/maradwad/APIBDD/stargazers","contributors_url":"https://api.github.com/repos/maradwad/APIBDD/contributors","subscribers_url":"https://api.github.com/repos/maradwad/APIBDD/subscribers","subscription_url":"https://api.github.com/repos/maradwad/APIBDD/subscription","commits_url":"https://api.github.com/repos/maradwad/APIBDD/commits{/sha}","git_commits_url":"https://api.github.com/repos/maradwad/APIBDD/git/commits{/sha}","comments_url":"https://api.github.com/repos/maradwad/APIBDD/comments{/number}","issue_comment_url":"https://api.github.com/repos/maradwad/APIBDD/issues/comments{/number}","contents_url":"https://api.github.com/repos/maradwad/APIBDD/contents/{+path}","compare_url":"https://api.github.com/repos/maradwad/APIBDD/compare/{base}...{head}","merges_url":"https://api.github.com/repos/maradwad/APIBDD/merges","archive_url":"https://api.github.com/repos/maradwad/APIBDD/{archive_format}{/ref}","downloads_url":"https://api.github.com/repos/maradwad/APIBDD/downloads","issues_url":"https://api.github.com/repos/maradwad/APIBDD/issues{/number}","pulls_url":"https://api.github.com/repos/maradwad/APIBDD/pulls{/number}","milestones_url":"https://api.github.com/repos/maradwad/APIBDD/milestones{/number}","notifications_url":"https://api.github.com/repos/maradwad/APIBDD/notifications{?since,all,participating}","labels_url":"https://api.github.com/repos/maradwad/APIBDD/labels{/name}","releases_url":"https://api.github.com/repos/maradwad/APIBDD/releases{/id}","deployments_url":"https://api.github.com/repos/maradwad/APIBDD/deployments","created_at":"2023-05-30T09:47:48Z","updated_at":"2023-05-30T09:47:49Z","pushed_at":"2023-05-30T09:47:49Z","git_url":"git://github.com/maradwad/APIBDD.git","ssh_url":"git@github.com:maradwad/APIBDD.git","clone_url":"https://github.com/maradwad/APIBDD.git","svn_url":"https://github.com/maradwad/APIBDD","homepage":null,"size":0,"stargazers_count":0,"watchers_count":0,"language":null,"has_issues":true,"has_projects":true,"has_downloads":true,"has_wiki":true,"has_pages":false,"has_discussions":false,"forks_count":0,"mirror_url":null,"archived":false,"disabled":false,"open_issues_count":0,"license":null,"allow_forking":true,"is_template":false,"web_commit_signoff_required":false,"topics":[],"visibility":"public","forks":0,"open_issues":0,"watchers":0,"default_branch":"main","permissions":{"admin":true,"maintain":true,"push":true,"triage":true,"pull":true},"allow_squash_merge":true,"allow_merge_commit":true,"allow_rebase_merge":true,"allow_auto_merge":false,"delete_branch_on_merge":false,"allow_update_branch":false,"use_squash_pr_title_as_default":false,"squash_merge_commit_message":"COMMIT_MESSAGES","squash_merge_commit_title":"COMMIT_OR_PR_TITLE","merge_commit_message":"PR_TITLE","merge_commit_title":"MERGE_MESSAGE","network_count":0,"subscribers_count":0}
[main] INFO  resource.commonUtils.RestLogger  - ********************************************************
[main] INFO  resource.commonUtils.RestLogger  - ********************************************************
[main] INFO  resource.commonUtils.RestLogger  - $$$$$$$$$$$$$$$      Verify delete Repo API     $$$$$$$$$$$$$$
[main] INFO  resource.commonUtils.RestLogger  - ********************************************************
[main] INFO  resource.commonUtils.RestLogger  - ********************************************************
[main] INFO  resource.commonUtils.RestLogger  - Delete URI is-https://api.github.com/repos/maradwad/madhuri
[main] INFO  resource.commonUtils.RestLogger  - XXXXXXXXXXXXXXXXXX     -E--N--D-     XXXXXXXXXXXXXXXXXX
[main] INFO  resource.commonUtils.RestLogger  - XXXXXXXXXXXXXXXXXX*************************XXXXXXXXXXXXXXXXXX
[main] INFO  resource.commonUtils.RestLogger  - XXXXXXXXXXXXXXXXXX*************************XXXXXXXXXXXXXXXXXX
[main] INFO  resource.commonUtils.RestLogger  - X
[main] INFO  resource.commonUtils.RestLogger  - X
[main] INFO  resource.commonUtils.RestLogger  - X
[main] INFO  resource.commonUtils.RestLogger  - X
[main] INFO  resource.commonUtils.RestLogger  - ********************************************************
[main] INFO  resource.commonUtils.RestLogger  - ********************************************************
[main] INFO  resource.commonUtils.RestLogger  - $$$$$$$$$$$$$$$      Verify delete Repo API     $$$$$$$$$$$$$$
[main] INFO  resource.commonUtils.RestLogger  - ********************************************************
[main] INFO  resource.commonUtils.RestLogger  - ********************************************************
[main] INFO  resource.commonUtils.RestLogger  - Delete URI is-https://api.github.com/repos/maradwad/APIBDD
[main] INFO  resource.commonUtils.RestLogger  - XXXXXXXXXXXXXXXXXX     -E--N--D-     XXXXXXXXXXXXXXXXXX
[main] INFO  resource.commonUtils.RestLogger  - XXXXXXXXXXXXXXXXXX*************************XXXXXXXXXXXXXXXXXX
[main] INFO  resource.commonUtils.RestLogger  - XXXXXXXXXXXXXXXXXX*************************XXXXXXXXXXXXXXXXXX
[main] INFO  resource.commonUtils.RestLogger  - X
[main] INFO  resource.commonUtils.RestLogger  - X
[main] INFO  resource.commonUtils.RestLogger  - X
[main] INFO  resource.commonUtils.RestLogger  - X
[main] INFO  resource.commonUtils.RestLogger  - ********************************************************
[main] INFO  resource.commonUtils.RestLogger  - ********************************************************
[main] INFO  resource.commonUtils.RestLogger  - $$$$$$$$$$$$$$$      Verify Create Repo API     $$$$$$$$$$$$$$
[main] INFO  resource.commonUtils.RestLogger  - ********************************************************
[main] INFO  resource.commonUtils.RestLogger  - ********************************************************
[main] INFO  resource.commonUtils.RestLogger  - BaseIRI is-https://api.github.com
[main] INFO  resource.commonUtils.RestLogger  - Resource path  is-/user/repos
[main] INFO  resource.commonUtils.RestLogger  - Request payload is{
  "name" : "madhuri",
  "description" : "This is data driven test Repo1"
}
[main] INFO  resource.commonUtils.RestLogger  - Response of request is-{"id":647212979,"node_id":"R_kgDOJpOvsw","name":"madhuri","full_name":"maradwad/madhuri","private":false,"owner":{"login":"maradwad","id":101542302,"node_id":"U_kgDOBg1png","avatar_url":"https://avatars.githubusercontent.com/u/101542302?v=4","gravatar_id":"","url":"https://api.github.com/users/maradwad","html_url":"https://github.com/maradwad","followers_url":"https://api.github.com/users/maradwad/followers","following_url":"https://api.github.com/users/maradwad/following{/other_user}","gists_url":"https://api.github.com/users/maradwad/gists{/gist_id}","starred_url":"https://api.github.com/users/maradwad/starred{/owner}{/repo}","subscriptions_url":"https://api.github.com/users/maradwad/subscriptions","organizations_url":"https://api.github.com/users/maradwad/orgs","repos_url":"https://api.github.com/users/maradwad/repos","events_url":"https://api.github.com/users/maradwad/events{/privacy}","received_events_url":"https://api.github.com/users/maradwad/received_events","type":"User","site_admin":false},"html_url":"https://github.com/maradwad/madhuri","description":"This is data driven test Repo1","fork":false,"url":"https://api.github.com/repos/maradwad/madhuri","forks_url":"https://api.github.com/repos/maradwad/madhuri/forks","keys_url":"https://api.github.com/repos/maradwad/madhuri/keys{/key_id}","collaborators_url":"https://api.github.com/repos/maradwad/madhuri/collaborators{/collaborator}","teams_url":"https://api.github.com/repos/maradwad/madhuri/teams","hooks_url":"https://api.github.com/repos/maradwad/madhuri/hooks","issue_events_url":"https://api.github.com/repos/maradwad/madhuri/issues/events{/number}","events_url":"https://api.github.com/repos/maradwad/madhuri/events","assignees_url":"https://api.github.com/repos/maradwad/madhuri/assignees{/user}","branches_url":"https://api.github.com/repos/maradwad/madhuri/branches{/branch}","tags_url":"https://api.github.com/repos/maradwad/madhuri/tags","blobs_url":"https://api.github.com/repos/maradwad/madhuri/git/blobs{/sha}","git_tags_url":"https://api.github.com/repos/maradwad/madhuri/git/tags{/sha}","git_refs_url":"https://api.github.com/repos/maradwad/madhuri/git/refs{/sha}","trees_url":"https://api.github.com/repos/maradwad/madhuri/git/trees{/sha}","statuses_url":"https://api.github.com/repos/maradwad/madhuri/statuses/{sha}","languages_url":"https://api.github.com/repos/maradwad/madhuri/languages","stargazers_url":"https://api.github.com/repos/maradwad/madhuri/stargazers","contributors_url":"https://api.github.com/repos/maradwad/madhuri/contributors","subscribers_url":"https://api.github.com/repos/maradwad/madhuri/subscribers","subscription_url":"https://api.github.com/repos/maradwad/madhuri/subscription","commits_url":"https://api.github.com/repos/maradwad/madhuri/commits{/sha}","git_commits_url":"https://api.github.com/repos/maradwad/madhuri/git/commits{/sha}","comments_url":"https://api.github.com/repos/maradwad/madhuri/comments{/number}","issue_comment_url":"https://api.github.com/repos/maradwad/madhuri/issues/comments{/number}","contents_url":"https://api.github.com/repos/maradwad/madhuri/contents/{+path}","compare_url":"https://api.github.com/repos/maradwad/madhuri/compare/{base}...{head}","merges_url":"https://api.github.com/repos/maradwad/madhuri/merges","archive_url":"https://api.github.com/repos/maradwad/madhuri/{archive_format}{/ref}","downloads_url":"https://api.github.com/repos/maradwad/madhuri/downloads","issues_url":"https://api.github.com/repos/maradwad/madhuri/issues{/number}","pulls_url":"https://api.github.com/repos/maradwad/madhuri/pulls{/number}","milestones_url":"https://api.github.com/repos/maradwad/madhuri/milestones{/number}","notifications_url":"https://api.github.com/repos/maradwad/madhuri/notifications{?since,all,participating}","labels_url":"https://api.github.com/repos/maradwad/madhuri/labels{/name}","releases_url":"https://api.github.com/repos/maradwad/madhuri/releases{/id}","deployments_url":"https://api.github.com/repos/maradwad/madhuri/deployments","created_at":"2023-05-30T09:49:16Z","updated_at":"2023-05-30T09:49:17Z","pushed_at":"2023-05-30T09:49:17Z","git_url":"git://github.com/maradwad/madhuri.git","ssh_url":"git@github.com:maradwad/madhuri.git","clone_url":"https://github.com/maradwad/madhuri.git","svn_url":"https://github.com/maradwad/madhuri","homepage":null,"size":0,"stargazers_count":0,"watchers_count":0,"language":null,"has_issues":true,"has_projects":true,"has_downloads":true,"has_wiki":true,"has_pages":false,"has_discussions":false,"forks_count":0,"mirror_url":null,"archived":false,"disabled":false,"open_issues_count":0,"license":null,"allow_forking":true,"is_template":false,"web_commit_signoff_required":false,"topics":[],"visibility":"public","forks":0,"open_issues":0,"watchers":0,"default_branch":"main","permissions":{"admin":true,"maintain":true,"push":true,"triage":true,"pull":true},"allow_squash_merge":true,"allow_merge_commit":true,"allow_rebase_merge":true,"allow_auto_merge":false,"delete_branch_on_merge":false,"allow_update_branch":false,"use_squash_pr_title_as_default":false,"squash_merge_commit_message":"COMMIT_MESSAGES","squash_merge_commit_title":"COMMIT_OR_PR_TITLE","merge_commit_message":"PR_TITLE","merge_commit_title":"MERGE_MESSAGE","network_count":0,"subscribers_count":1}
[main] INFO  resource.commonUtils.RestLogger  - ********************************************************
[main] INFO  resource.commonUtils.RestLogger  - ********************************************************
[main] INFO  resource.commonUtils.RestLogger  - $$$$$$$$$$$$$$$      Verify Create Repo API     $$$$$$$$$$$$$$
[main] INFO  resource.commonUtils.RestLogger  - ********************************************************
[main] INFO  resource.commonUtils.RestLogger  - ********************************************************
[main] INFO  resource.commonUtils.RestLogger  - BaseIRI is-https://api.github.com
[main] INFO  resource.commonUtils.RestLogger  - Resource path  is-/user/repos
[main] INFO  resource.commonUtils.RestLogger  - Request payload is{
  "name" : "APIBDD",
  "description" : "This is data driven test Repo2"
}
[main] INFO  resource.commonUtils.RestLogger  - Response of request is-{"id":647212994,"node_id":"R_kgDOJpOvwg","name":"APIBDD","full_name":"maradwad/APIBDD","private":false,"owner":{"login":"maradwad","id":101542302,"node_id":"U_kgDOBg1png","avatar_url":"https://avatars.githubusercontent.com/u/101542302?v=4","gravatar_id":"","url":"https://api.github.com/users/maradwad","html_url":"https://github.com/maradwad","followers_url":"https://api.github.com/users/maradwad/followers","following_url":"https://api.github.com/users/maradwad/following{/other_user}","gists_url":"https://api.github.com/users/maradwad/gists{/gist_id}","starred_url":"https://api.github.com/users/maradwad/starred{/owner}{/repo}","subscriptions_url":"https://api.github.com/users/maradwad/subscriptions","organizations_url":"https://api.github.com/users/maradwad/orgs","repos_url":"https://api.github.com/users/maradwad/repos","events_url":"https://api.github.com/users/maradwad/events{/privacy}","received_events_url":"https://api.github.com/users/maradwad/received_events","type":"User","site_admin":false},"html_url":"https://github.com/maradwad/APIBDD","description":"This is data driven test Repo2","fork":false,"url":"https://api.github.com/repos/maradwad/APIBDD","forks_url":"https://api.github.com/repos/maradwad/APIBDD/forks","keys_url":"https://api.github.com/repos/maradwad/APIBDD/keys{/key_id}","collaborators_url":"https://api.github.com/repos/maradwad/APIBDD/collaborators{/collaborator}","teams_url":"https://api.github.com/repos/maradwad/APIBDD/teams","hooks_url":"https://api.github.com/repos/maradwad/APIBDD/hooks","issue_events_url":"https://api.github.com/repos/maradwad/APIBDD/issues/events{/number}","events_url":"https://api.github.com/repos/maradwad/APIBDD/events","assignees_url":"https://api.github.com/repos/maradwad/APIBDD/assignees{/user}","branches_url":"https://api.github.com/repos/maradwad/APIBDD/branches{/branch}","tags_url":"https://api.github.com/repos/maradwad/APIBDD/tags","blobs_url":"https://api.github.com/repos/maradwad/APIBDD/git/blobs{/sha}","git_tags_url":"https://api.github.com/repos/maradwad/APIBDD/git/tags{/sha}","git_refs_url":"https://api.github.com/repos/maradwad/APIBDD/git/refs{/sha}","trees_url":"https://api.github.com/repos/maradwad/APIBDD/git/trees{/sha}","statuses_url":"https://api.github.com/repos/maradwad/APIBDD/statuses/{sha}","languages_url":"https://api.github.com/repos/maradwad/APIBDD/languages","stargazers_url":"https://api.github.com/repos/maradwad/APIBDD/stargazers","contributors_url":"https://api.github.com/repos/maradwad/APIBDD/contributors","subscribers_url":"https://api.github.com/repos/maradwad/APIBDD/subscribers","subscription_url":"https://api.github.com/repos/maradwad/APIBDD/subscription","commits_url":"https://api.github.com/repos/maradwad/APIBDD/commits{/sha}","git_commits_url":"https://api.github.com/repos/maradwad/APIBDD/git/commits{/sha}","comments_url":"https://api.github.com/repos/maradwad/APIBDD/comments{/number}","issue_comment_url":"https://api.github.com/repos/maradwad/APIBDD/issues/comments{/number}","contents_url":"https://api.github.com/repos/maradwad/APIBDD/contents/{+path}","compare_url":"https://api.github.com/repos/maradwad/APIBDD/compare/{base}...{head}","merges_url":"https://api.github.com/repos/maradwad/APIBDD/merges","archive_url":"https://api.github.com/repos/maradwad/APIBDD/{archive_format}{/ref}","downloads_url":"https://api.github.com/repos/maradwad/APIBDD/downloads","issues_url":"https://api.github.com/repos/maradwad/APIBDD/issues{/number}","pulls_url":"https://api.github.com/repos/maradwad/APIBDD/pulls{/number}","milestones_url":"https://api.github.com/repos/maradwad/APIBDD/milestones{/number}","notifications_url":"https://api.github.com/repos/maradwad/APIBDD/notifications{?since,all,participating}","labels_url":"https://api.github.com/repos/maradwad/APIBDD/labels{/name}","releases_url":"https://api.github.com/repos/maradwad/APIBDD/releases{/id}","deployments_url":"https://api.github.com/repos/maradwad/APIBDD/deployments","created_at":"2023-05-30T09:49:18Z","updated_at":"2023-05-30T09:49:19Z","pushed_at":"2023-05-30T09:49:19Z","git_url":"git://github.com/maradwad/APIBDD.git","ssh_url":"git@github.com:maradwad/APIBDD.git","clone_url":"https://github.com/maradwad/APIBDD.git","svn_url":"https://github.com/maradwad/APIBDD","homepage":null,"size":0,"stargazers_count":0,"watchers_count":0,"language":null,"has_issues":true,"has_projects":true,"has_downloads":true,"has_wiki":true,"has_pages":false,"has_discussions":false,"forks_count":0,"mirror_url":null,"archived":false,"disabled":false,"open_issues_count":0,"license":null,"allow_forking":true,"is_template":false,"web_commit_signoff_required":false,"topics":[],"visibility":"public","forks":0,"open_issues":0,"watchers":0,"default_branch":"main","permissions":{"admin":true,"maintain":true,"push":true,"triage":true,"pull":true},"allow_squash_merge":true,"allow_merge_commit":true,"allow_rebase_merge":true,"allow_auto_merge":false,"delete_branch_on_merge":false,"allow_update_branch":false,"use_squash_pr_title_as_default":false,"squash_merge_commit_message":"COMMIT_MESSAGES","squash_merge_commit_title":"COMMIT_OR_PR_TITLE","merge_commit_message":"PR_TITLE","merge_commit_title":"MERGE_MESSAGE","network_count":0,"subscribers_count":1}
[main] INFO  resource.commonUtils.RestLogger  - ********************************************************
[main] INFO  resource.commonUtils.RestLogger  - ********************************************************
[main] INFO  resource.commonUtils.RestLogger  - $$$$$$$$$$$$$$$      Verify delete Repo API     $$$$$$$$$$$$$$
[main] INFO  resource.commonUtils.RestLogger  - ********************************************************
[main] INFO  resource.commonUtils.RestLogger  - ********************************************************
[main] INFO  resource.commonUtils.RestLogger  - Delete URI is-https://api.github.com/repos/maradwad/madhuri
[main] INFO  resource.commonUtils.RestLogger  - XXXXXXXXXXXXXXXXXX     -E--N--D-     XXXXXXXXXXXXXXXXXX
[main] INFO  resource.commonUtils.RestLogger  - XXXXXXXXXXXXXXXXXX*************************XXXXXXXXXXXXXXXXXX
[main] INFO  resource.commonUtils.RestLogger  - XXXXXXXXXXXXXXXXXX*************************XXXXXXXXXXXXXXXXXX
[main] INFO  resource.commonUtils.RestLogger  - X
[main] INFO  resource.commonUtils.RestLogger  - X
[main] INFO  resource.commonUtils.RestLogger  - X
[main] INFO  resource.commonUtils.RestLogger  - X
[main] INFO  resource.commonUtils.RestLogger  - ********************************************************
[main] INFO  resource.commonUtils.RestLogger  - ********************************************************
[main] INFO  resource.commonUtils.RestLogger  - $$$$$$$$$$$$$$$      Verify delete Repo API     $$$$$$$$$$$$$$
[main] INFO  resource.commonUtils.RestLogger  - ********************************************************
[main] INFO  resource.commonUtils.RestLogger  - ********************************************************
[main] INFO  resource.commonUtils.RestLogger  - Delete URI is-https://api.github.com/repos/maradwad/APIBDD
[main] INFO  resource.commonUtils.RestLogger  - XXXXXXXXXXXXXXXXXX     -E--N--D-     XXXXXXXXXXXXXXXXXX
[main] INFO  resource.commonUtils.RestLogger  - XXXXXXXXXXXXXXXXXX*************************XXXXXXXXXXXXXXXXXX
[main] INFO  resource.commonUtils.RestLogger  - XXXXXXXXXXXXXXXXXX*************************XXXXXXXXXXXXXXXXXX
[main] INFO  resource.commonUtils.RestLogger  - X
[main] INFO  resource.commonUtils.RestLogger  - X
[main] INFO  resource.commonUtils.RestLogger  - X
[main] INFO  resource.commonUtils.RestLogger  - X
[main] INFO  resource.commonUtils.RestLogger  - ********************************************************
[main] INFO  resource.commonUtils.RestLogger  - ********************************************************
[main] INFO  resource.commonUtils.RestLogger  - $$$$$$$$$$$$$$$      Verify Create Repo API     $$$$$$$$$$$$$$
[main] INFO  resource.commonUtils.RestLogger  - ********************************************************
[main] INFO  resource.commonUtils.RestLogger  - ********************************************************
[main] INFO  resource.commonUtils.RestLogger  - BaseIRI is-https://api.github.com
[main] INFO  resource.commonUtils.RestLogger  - Resource path  is-/user/repos
[main] INFO  resource.commonUtils.RestLogger  - Request payload is{
  "name" : "madhuri",
  "description" : "This is data driven test Repo1"
}
[main] INFO  resource.commonUtils.RestLogger  - Response of request is-{"id":647213327,"node_id":"R_kgDOJpOxDw","name":"madhuri","full_name":"maradwad/madhuri","private":false,"owner":{"login":"maradwad","id":101542302,"node_id":"U_kgDOBg1png","avatar_url":"https://avatars.githubusercontent.com/u/101542302?v=4","gravatar_id":"","url":"https://api.github.com/users/maradwad","html_url":"https://github.com/maradwad","followers_url":"https://api.github.com/users/maradwad/followers","following_url":"https://api.github.com/users/maradwad/following{/other_user}","gists_url":"https://api.github.com/users/maradwad/gists{/gist_id}","starred_url":"https://api.github.com/users/maradwad/starred{/owner}{/repo}","subscriptions_url":"https://api.github.com/users/maradwad/subscriptions","organizations_url":"https://api.github.com/users/maradwad/orgs","repos_url":"https://api.github.com/users/maradwad/repos","events_url":"https://api.github.com/users/maradwad/events{/privacy}","received_events_url":"https://api.github.com/users/maradwad/received_events","type":"User","site_admin":false},"html_url":"https://github.com/maradwad/madhuri","description":"This is data driven test Repo1","fork":false,"url":"https://api.github.com/repos/maradwad/madhuri","forks_url":"https://api.github.com/repos/maradwad/madhuri/forks","keys_url":"https://api.github.com/repos/maradwad/madhuri/keys{/key_id}","collaborators_url":"https://api.github.com/repos/maradwad/madhuri/collaborators{/collaborator}","teams_url":"https://api.github.com/repos/maradwad/madhuri/teams","hooks_url":"https://api.github.com/repos/maradwad/madhuri/hooks","issue_events_url":"https://api.github.com/repos/maradwad/madhuri/issues/events{/number}","events_url":"https://api.github.com/repos/maradwad/madhuri/events","assignees_url":"https://api.github.com/repos/maradwad/madhuri/assignees{/user}","branches_url":"https://api.github.com/repos/maradwad/madhuri/branches{/branch}","tags_url":"https://api.github.com/repos/maradwad/madhuri/tags","blobs_url":"https://api.github.com/repos/maradwad/madhuri/git/blobs{/sha}","git_tags_url":"https://api.github.com/repos/maradwad/madhuri/git/tags{/sha}","git_refs_url":"https://api.github.com/repos/maradwad/madhuri/git/refs{/sha}","trees_url":"https://api.github.com/repos/maradwad/madhuri/git/trees{/sha}","statuses_url":"https://api.github.com/repos/maradwad/madhuri/statuses/{sha}","languages_url":"https://api.github.com/repos/maradwad/madhuri/languages","stargazers_url":"https://api.github.com/repos/maradwad/madhuri/stargazers","contributors_url":"https://api.github.com/repos/maradwad/madhuri/contributors","subscribers_url":"https://api.github.com/repos/maradwad/madhuri/subscribers","subscription_url":"https://api.github.com/repos/maradwad/madhuri/subscription","commits_url":"https://api.github.com/repos/maradwad/madhuri/commits{/sha}","git_commits_url":"https://api.github.com/repos/maradwad/madhuri/git/commits{/sha}","comments_url":"https://api.github.com/repos/maradwad/madhuri/comments{/number}","issue_comment_url":"https://api.github.com/repos/maradwad/madhuri/issues/comments{/number}","contents_url":"https://api.github.com/repos/maradwad/madhuri/contents/{+path}","compare_url":"https://api.github.com/repos/maradwad/madhuri/compare/{base}...{head}","merges_url":"https://api.github.com/repos/maradwad/madhuri/merges","archive_url":"https://api.github.com/repos/maradwad/madhuri/{archive_format}{/ref}","downloads_url":"https://api.github.com/repos/maradwad/madhuri/downloads","issues_url":"https://api.github.com/repos/maradwad/madhuri/issues{/number}","pulls_url":"https://api.github.com/repos/maradwad/madhuri/pulls{/number}","milestones_url":"https://api.github.com/repos/maradwad/madhuri/milestones{/number}","notifications_url":"https://api.github.com/repos/maradwad/madhuri/notifications{?since,all,participating}","labels_url":"https://api.github.com/repos/maradwad/madhuri/labels{/name}","releases_url":"https://api.github.com/repos/maradwad/madhuri/releases{/id}","deployments_url":"https://api.github.com/repos/maradwad/madhuri/deployments","created_at":"2023-05-30T09:50:11Z","updated_at":"2023-05-30T09:50:12Z","pushed_at":"2023-05-30T09:50:12Z","git_url":"git://github.com/maradwad/madhuri.git","ssh_url":"git@github.com:maradwad/madhuri.git","clone_url":"https://github.com/maradwad/madhuri.git","svn_url":"https://github.com/maradwad/madhuri","homepage":null,"size":0,"stargazers_count":0,"watchers_count":0,"language":null,"has_issues":true,"has_projects":true,"has_downloads":true,"has_wiki":true,"has_pages":false,"has_discussions":false,"forks_count":0,"mirror_url":null,"archived":false,"disabled":false,"open_issues_count":0,"license":null,"allow_forking":true,"is_template":false,"web_commit_signoff_required":false,"topics":[],"visibility":"public","forks":0,"open_issues":0,"watchers":0,"default_branch":"main","permissions":{"admin":true,"maintain":true,"push":true,"triage":true,"pull":true},"allow_squash_merge":true,"allow_merge_commit":true,"allow_rebase_merge":true,"allow_auto_merge":false,"delete_branch_on_merge":false,"allow_update_branch":false,"use_squash_pr_title_as_default":false,"squash_merge_commit_message":"COMMIT_MESSAGES","squash_merge_commit_title":"COMMIT_OR_PR_TITLE","merge_commit_message":"PR_TITLE","merge_commit_title":"MERGE_MESSAGE","network_count":0,"subscribers_count":0}
[main] INFO  resource.commonUtils.RestLogger  - XXXXXXXXXXXXXXXXXX     -E--N--D-     XXXXXXXXXXXXXXXXXX
[main] INFO  resource.commonUtils.RestLogger  - XXXXXXXXXXXXXXXXXX*************************XXXXXXXXXXXXXXXXXX
[main] INFO  resource.commonUtils.RestLogger  - XXXXXXXXXXXXXXXXXX*************************XXXXXXXXXXXXXXXXXX
[main] INFO  resource.commonUtils.RestLogger  - X
[main] INFO  resource.commonUtils.RestLogger  - X
[main] INFO  resource.commonUtils.RestLogger  - X
[main] INFO  resource.commonUtils.RestLogger  - X
[main] INFO  resource.commonUtils.RestLogger  - ********************************************************
[main] INFO  resource.commonUtils.RestLogger  - ********************************************************
[main] INFO  resource.commonUtils.RestLogger  - $$$$$$$$$$$$$$$      Verify Create Repo API     $$$$$$$$$$$$$$
[main] INFO  resource.commonUtils.RestLogger  - ********************************************************
[main] INFO  resource.commonUtils.RestLogger  - ********************************************************
[main] INFO  resource.commonUtils.RestLogger  - BaseIRI is-https://api.github.com
[main] INFO  resource.commonUtils.RestLogger  - Resource path  is-/user/repos
[main] INFO  resource.commonUtils.RestLogger  - Request payload is{
  "name" : "APIBDD",
  "description" : "This is data driven test Repo2"
}
[main] INFO  resource.commonUtils.RestLogger  - Response of request is-{"id":647213340,"node_id":"R_kgDOJpOxHA","name":"APIBDD","full_name":"maradwad/APIBDD","private":false,"owner":{"login":"maradwad","id":101542302,"node_id":"U_kgDOBg1png","avatar_url":"https://avatars.githubusercontent.com/u/101542302?v=4","gravatar_id":"","url":"https://api.github.com/users/maradwad","html_url":"https://github.com/maradwad","followers_url":"https://api.github.com/users/maradwad/followers","following_url":"https://api.github.com/users/maradwad/following{/other_user}","gists_url":"https://api.github.com/users/maradwad/gists{/gist_id}","starred_url":"https://api.github.com/users/maradwad/starred{/owner}{/repo}","subscriptions_url":"https://api.github.com/users/maradwad/subscriptions","organizations_url":"https://api.github.com/users/maradwad/orgs","repos_url":"https://api.github.com/users/maradwad/repos","events_url":"https://api.github.com/users/maradwad/events{/privacy}","received_events_url":"https://api.github.com/users/maradwad/received_events","type":"User","site_admin":false},"html_url":"https://github.com/maradwad/APIBDD","description":"This is data driven test Repo2","fork":false,"url":"https://api.github.com/repos/maradwad/APIBDD","forks_url":"https://api.github.com/repos/maradwad/APIBDD/forks","keys_url":"https://api.github.com/repos/maradwad/APIBDD/keys{/key_id}","collaborators_url":"https://api.github.com/repos/maradwad/APIBDD/collaborators{/collaborator}","teams_url":"https://api.github.com/repos/maradwad/APIBDD/teams","hooks_url":"https://api.github.com/repos/maradwad/APIBDD/hooks","issue_events_url":"https://api.github.com/repos/maradwad/APIBDD/issues/events{/number}","events_url":"https://api.github.com/repos/maradwad/APIBDD/events","assignees_url":"https://api.github.com/repos/maradwad/APIBDD/assignees{/user}","branches_url":"https://api.github.com/repos/maradwad/APIBDD/branches{/branch}","tags_url":"https://api.github.com/repos/maradwad/APIBDD/tags","blobs_url":"https://api.github.com/repos/maradwad/APIBDD/git/blobs{/sha}","git_tags_url":"https://api.github.com/repos/maradwad/APIBDD/git/tags{/sha}","git_refs_url":"https://api.github.com/repos/maradwad/APIBDD/git/refs{/sha}","trees_url":"https://api.github.com/repos/maradwad/APIBDD/git/trees{/sha}","statuses_url":"https://api.github.com/repos/maradwad/APIBDD/statuses/{sha}","languages_url":"https://api.github.com/repos/maradwad/APIBDD/languages","stargazers_url":"https://api.github.com/repos/maradwad/APIBDD/stargazers","contributors_url":"https://api.github.com/repos/maradwad/APIBDD/contributors","subscribers_url":"https://api.github.com/repos/maradwad/APIBDD/subscribers","subscription_url":"https://api.github.com/repos/maradwad/APIBDD/subscription","commits_url":"https://api.github.com/repos/maradwad/APIBDD/commits{/sha}","git_commits_url":"https://api.github.com/repos/maradwad/APIBDD/git/commits{/sha}","comments_url":"https://api.github.com/repos/maradwad/APIBDD/comments{/number}","issue_comment_url":"https://api.github.com/repos/maradwad/APIBDD/issues/comments{/number}","contents_url":"https://api.github.com/repos/maradwad/APIBDD/contents/{+path}","compare_url":"https://api.github.com/repos/maradwad/APIBDD/compare/{base}...{head}","merges_url":"https://api.github.com/repos/maradwad/APIBDD/merges","archive_url":"https://api.github.com/repos/maradwad/APIBDD/{archive_format}{/ref}","downloads_url":"https://api.github.com/repos/maradwad/APIBDD/downloads","issues_url":"https://api.github.com/repos/maradwad/APIBDD/issues{/number}","pulls_url":"https://api.github.com/repos/maradwad/APIBDD/pulls{/number}","milestones_url":"https://api.github.com/repos/maradwad/APIBDD/milestones{/number}","notifications_url":"https://api.github.com/repos/maradwad/APIBDD/notifications{?since,all,participating}","labels_url":"https://api.github.com/repos/maradwad/APIBDD/labels{/name}","releases_url":"https://api.github.com/repos/maradwad/APIBDD/releases{/id}","deployments_url":"https://api.github.com/repos/maradwad/APIBDD/deployments","created_at":"2023-05-30T09:50:13Z","updated_at":"2023-05-30T09:50:14Z","pushed_at":"2023-05-30T09:50:14Z","git_url":"git://github.com/maradwad/APIBDD.git","ssh_url":"git@github.com:maradwad/APIBDD.git","clone_url":"https://github.com/maradwad/APIBDD.git","svn_url":"https://github.com/maradwad/APIBDD","homepage":null,"size":0,"stargazers_count":0,"watchers_count":0,"language":null,"has_issues":true,"has_projects":true,"has_downloads":true,"has_wiki":true,"has_pages":false,"has_discussions":false,"forks_count":0,"mirror_url":null,"archived":false,"disabled":false,"open_issues_count":0,"license":null,"allow_forking":true,"is_template":false,"web_commit_signoff_required":false,"topics":[],"visibility":"public","forks":0,"open_issues":0,"watchers":0,"default_branch":"main","permissions":{"admin":true,"maintain":true,"push":true,"triage":true,"pull":true},"allow_squash_merge":true,"allow_merge_commit":true,"allow_rebase_merge":true,"allow_auto_merge":false,"delete_branch_on_merge":false,"allow_update_branch":false,"use_squash_pr_title_as_default":false,"squash_merge_commit_message":"COMMIT_MESSAGES","squash_merge_commit_title":"COMMIT_OR_PR_TITLE","merge_commit_message":"PR_TITLE","merge_commit_title":"MERGE_MESSAGE","network_count":0,"subscribers_count":1}
[main] INFO  resource.commonUtils.RestLogger  - XXXXXXXXXXXXXXXXXX     -E--N--D-     XXXXXXXXXXXXXXXXXX
[main] INFO  resource.commonUtils.RestLogger  - XXXXXXXXXXXXXXXXXX*************************XXXXXXXXXXXXXXXXXX
[main] INFO  resource.commonUtils.RestLogger  - XXXXXXXXXXXXXXXXXX*************************XXXXXXXXXXXXXXXXXX
[main] INFO  resource.commonUtils.RestLogger  - X
[main] INFO  resource.commonUtils.RestLogger  - X
[main] INFO  resource.commonUtils.RestLogger  - X
[main] INFO  resource.commonUtils.RestLogger  - X
[main] INFO  resource.commonUtils.RestLogger  - ********************************************************
[main] INFO  resource.commonUtils.RestLogger  - ********************************************************
[main] INFO  resource.commonUtils.RestLogger  - $$$$$$$$$$$$$$$      Verify delete Repo API     $$$$$$$$$$$$$$
[main] INFO  resource.commonUtils.RestLogger  - ********************************************************
[main] INFO  resource.commonUtils.RestLogger  - ********************************************************
[main] INFO  resource.commonUtils.RestLogger  - Delete URI is-https://api.github.com/repos/maradwad/madhuri
[main] INFO  resource.commonUtils.RestLogger  - XXXXXXXXXXXXXXXXXX     -E--N--D-     XXXXXXXXXXXXXXXXXX
[main] INFO  resource.commonUtils.RestLogger  - XXXXXXXXXXXXXXXXXX*************************XXXXXXXXXXXXXXXXXX
[main] INFO  resource.commonUtils.RestLogger  - XXXXXXXXXXXXXXXXXX*************************XXXXXXXXXXXXXXXXXX
[main] INFO  resource.commonUtils.RestLogger  - X
[main] INFO  resource.commonUtils.RestLogger  - X
[main] INFO  resource.commonUtils.RestLogger  - X
[main] INFO  resource.commonUtils.RestLogger  - X
[main] INFO  resource.commonUtils.RestLogger  - ********************************************************
[main] INFO  resource.commonUtils.RestLogger  - ********************************************************
[main] INFO  resource.commonUtils.RestLogger  - $$$$$$$$$$$$$$$      Verify delete Repo API     $$$$$$$$$$$$$$
[main] INFO  resource.commonUtils.RestLogger  - ********************************************************
[main] INFO  resource.commonUtils.RestLogger  - ********************************************************
[main] INFO  resource.commonUtils.RestLogger  - Delete URI is-https://api.github.com/repos/maradwad/APIBDD
[main] INFO  resource.commonUtils.RestLogger  - XXXXXXXXXXXXXXXXXX     -E--N--D-     XXXXXXXXXXXXXXXXXX
[main] INFO  resource.commonUtils.RestLogger  - XXXXXXXXXXXXXXXXXX*************************XXXXXXXXXXXXXXXXXX
[main] INFO  resource.commonUtils.RestLogger  - XXXXXXXXXXXXXXXXXX*************************XXXXXXXXXXXXXXXXXX
[main] INFO  resource.commonUtils.RestLogger  - X
[main] INFO  resource.commonUtils.RestLogger  - X
[main] INFO  resource.commonUtils.RestLogger  - X
[main] INFO  resource.commonUtils.RestLogger  - X
[main] INFO  resource.commonUtils.RestLogger  - ********************************************************
[main] INFO  resource.commonUtils.RestLogger  - ********************************************************
[main] INFO  resource.commonUtils.RestLogger  - $$$$$$$$$$$$$$$      Verify Create Repo API     $$$$$$$$$$$$$$
[main] INFO  resource.commonUtils.RestLogger  - ********************************************************
[main] INFO  resource.commonUtils.RestLogger  - ********************************************************
[main] INFO  resource.commonUtils.RestLogger  - BaseIRI is-https://api.github.com
[main] INFO  resource.commonUtils.RestLogger  - Resource path  is-/user/repos
[main] INFO  resource.commonUtils.RestLogger  - Request payload is{
  "name" : "madhuri",
  "description" : "This is data driven test Repo1"
}
[main] INFO  resource.commonUtils.RestLogger  - Response of request is-{"id":647608485,"node_id":"R_kgDOJpm4pQ","name":"madhuri","full_name":"maradwad/madhuri","private":false,"owner":{"login":"maradwad","id":101542302,"node_id":"U_kgDOBg1png","avatar_url":"https://avatars.githubusercontent.com/u/101542302?v=4","gravatar_id":"","url":"https://api.github.com/users/maradwad","html_url":"https://github.com/maradwad","followers_url":"https://api.github.com/users/maradwad/followers","following_url":"https://api.github.com/users/maradwad/following{/other_user}","gists_url":"https://api.github.com/users/maradwad/gists{/gist_id}","starred_url":"https://api.github.com/users/maradwad/starred{/owner}{/repo}","subscriptions_url":"https://api.github.com/users/maradwad/subscriptions","organizations_url":"https://api.github.com/users/maradwad/orgs","repos_url":"https://api.github.com/users/maradwad/repos","events_url":"https://api.github.com/users/maradwad/events{/privacy}","received_events_url":"https://api.github.com/users/maradwad/received_events","type":"User","site_admin":false},"html_url":"https://github.com/maradwad/madhuri","description":"This is data driven test Repo1","fork":false,"url":"https://api.github.com/repos/maradwad/madhuri","forks_url":"https://api.github.com/repos/maradwad/madhuri/forks","keys_url":"https://api.github.com/repos/maradwad/madhuri/keys{/key_id}","collaborators_url":"https://api.github.com/repos/maradwad/madhuri/collaborators{/collaborator}","teams_url":"https://api.github.com/repos/maradwad/madhuri/teams","hooks_url":"https://api.github.com/repos/maradwad/madhuri/hooks","issue_events_url":"https://api.github.com/repos/maradwad/madhuri/issues/events{/number}","events_url":"https://api.github.com/repos/maradwad/madhuri/events","assignees_url":"https://api.github.com/repos/maradwad/madhuri/assignees{/user}","branches_url":"https://api.github.com/repos/maradwad/madhuri/branches{/branch}","tags_url":"https://api.github.com/repos/maradwad/madhuri/tags","blobs_url":"https://api.github.com/repos/maradwad/madhuri/git/blobs{/sha}","git_tags_url":"https://api.github.com/repos/maradwad/madhuri/git/tags{/sha}","git_refs_url":"https://api.github.com/repos/maradwad/madhuri/git/refs{/sha}","trees_url":"https://api.github.com/repos/maradwad/madhuri/git/trees{/sha}","statuses_url":"https://api.github.com/repos/maradwad/madhuri/statuses/{sha}","languages_url":"https://api.github.com/repos/maradwad/madhuri/languages","stargazers_url":"https://api.github.com/repos/maradwad/madhuri/stargazers","contributors_url":"https://api.github.com/repos/maradwad/madhuri/contributors","subscribers_url":"https://api.github.com/repos/maradwad/madhuri/subscribers","subscription_url":"https://api.github.com/repos/maradwad/madhuri/subscription","commits_url":"https://api.github.com/repos/maradwad/madhuri/commits{/sha}","git_commits_url":"https://api.github.com/repos/maradwad/madhuri/git/commits{/sha}","comments_url":"https://api.github.com/repos/maradwad/madhuri/comments{/number}","issue_comment_url":"https://api.github.com/repos/maradwad/madhuri/issues/comments{/number}","contents_url":"https://api.github.com/repos/maradwad/madhuri/contents/{+path}","compare_url":"https://api.github.com/repos/maradwad/madhuri/compare/{base}...{head}","merges_url":"https://api.github.com/repos/maradwad/madhuri/merges","archive_url":"https://api.github.com/repos/maradwad/madhuri/{archive_format}{/ref}","downloads_url":"https://api.github.com/repos/maradwad/madhuri/downloads","issues_url":"https://api.github.com/repos/maradwad/madhuri/issues{/number}","pulls_url":"https://api.github.com/repos/maradwad/madhuri/pulls{/number}","milestones_url":"https://api.github.com/repos/maradwad/madhuri/milestones{/number}","notifications_url":"https://api.github.com/repos/maradwad/madhuri/notifications{?since,all,participating}","labels_url":"https://api.github.com/repos/maradwad/madhuri/labels{/name}","releases_url":"https://api.github.com/repos/maradwad/madhuri/releases{/id}","deployments_url":"https://api.github.com/repos/maradwad/madhuri/deployments","created_at":"2023-05-31T06:35:13Z","updated_at":"2023-05-31T06:35:13Z","pushed_at":"2023-05-31T06:35:13Z","git_url":"git://github.com/maradwad/madhuri.git","ssh_url":"git@github.com:maradwad/madhuri.git","clone_url":"https://github.com/maradwad/madhuri.git","svn_url":"https://github.com/maradwad/madhuri","homepage":null,"size":0,"stargazers_count":0,"watchers_count":0,"language":null,"has_issues":true,"has_projects":true,"has_downloads":true,"has_wiki":true,"has_pages":false,"has_discussions":false,"forks_count":0,"mirror_url":null,"archived":false,"disabled":false,"open_issues_count":0,"license":null,"allow_forking":true,"is_template":false,"web_commit_signoff_required":false,"topics":[],"visibility":"public","forks":0,"open_issues":0,"watchers":0,"default_branch":"main","permissions":{"admin":true,"maintain":true,"push":true,"triage":true,"pull":true},"allow_squash_merge":true,"allow_merge_commit":true,"allow_rebase_merge":true,"allow_auto_merge":false,"delete_branch_on_merge":false,"allow_update_branch":false,"use_squash_pr_title_as_default":false,"squash_merge_commit_message":"COMMIT_MESSAGES","squash_merge_commit_title":"COMMIT_OR_PR_TITLE","merge_commit_message":"PR_TITLE","merge_commit_title":"MERGE_MESSAGE","network_count":0,"subscribers_count":0}
[main] INFO  resource.commonUtils.RestLogger  - XXXXXXXXXXXXXXXXXX     -E--N--D-     XXXXXXXXXXXXXXXXXX
[main] INFO  resource.commonUtils.RestLogger  - XXXXXXXXXXXXXXXXXX*************************XXXXXXXXXXXXXXXXXX
[main] INFO  resource.commonUtils.RestLogger  - XXXXXXXXXXXXXXXXXX*************************XXXXXXXXXXXXXXXXXX
[main] INFO  resource.commonUtils.RestLogger  - X
[main] INFO  resource.commonUtils.RestLogger  - X
[main] INFO  resource.commonUtils.RestLogger  - X
[main] INFO  resource.commonUtils.RestLogger  - X
[main] INFO  resource.commonUtils.RestLogger  - ********************************************************
[main] INFO  resource.commonUtils.RestLogger  - ********************************************************
[main] INFO  resource.commonUtils.RestLogger  - $$$$$$$$$$$$$$$      Verify Create Repo API     $$$$$$$$$$$$$$
[main] INFO  resource.commonUtils.RestLogger  - ********************************************************
[main] INFO  resource.commonUtils.RestLogger  - ********************************************************
[main] INFO  resource.commonUtils.RestLogger  - BaseIRI is-https://api.github.com
[main] INFO  resource.commonUtils.RestLogger  - Resource path  is-/user/repos
[main] INFO  resource.commonUtils.RestLogger  - Request payload is{
  "name" : "APIBDD",
  "description" : "This is data driven test Repo2"
}
[main] INFO  resource.commonUtils.RestLogger  - Response of request is-{"id":647608505,"node_id":"R_kgDOJpm4uQ","name":"APIBDD","full_name":"maradwad/APIBDD","private":false,"owner":{"login":"maradwad","id":101542302,"node_id":"U_kgDOBg1png","avatar_url":"https://avatars.githubusercontent.com/u/101542302?v=4","gravatar_id":"","url":"https://api.github.com/users/maradwad","html_url":"https://github.com/maradwad","followers_url":"https://api.github.com/users/maradwad/followers","following_url":"https://api.github.com/users/maradwad/following{/other_user}","gists_url":"https://api.github.com/users/maradwad/gists{/gist_id}","starred_url":"https://api.github.com/users/maradwad/starred{/owner}{/repo}","subscriptions_url":"https://api.github.com/users/maradwad/subscriptions","organizations_url":"https://api.github.com/users/maradwad/orgs","repos_url":"https://api.github.com/users/maradwad/repos","events_url":"https://api.github.com/users/maradwad/events{/privacy}","received_events_url":"https://api.github.com/users/maradwad/received_events","type":"User","site_admin":false},"html_url":"https://github.com/maradwad/APIBDD","description":"This is data driven test Repo2","fork":false,"url":"https://api.github.com/repos/maradwad/APIBDD","forks_url":"https://api.github.com/repos/maradwad/APIBDD/forks","keys_url":"https://api.github.com/repos/maradwad/APIBDD/keys{/key_id}","collaborators_url":"https://api.github.com/repos/maradwad/APIBDD/collaborators{/collaborator}","teams_url":"https://api.github.com/repos/maradwad/APIBDD/teams","hooks_url":"https://api.github.com/repos/maradwad/APIBDD/hooks","issue_events_url":"https://api.github.com/repos/maradwad/APIBDD/issues/events{/number}","events_url":"https://api.github.com/repos/maradwad/APIBDD/events","assignees_url":"https://api.github.com/repos/maradwad/APIBDD/assignees{/user}","branches_url":"https://api.github.com/repos/maradwad/APIBDD/branches{/branch}","tags_url":"https://api.github.com/repos/maradwad/APIBDD/tags","blobs_url":"https://api.github.com/repos/maradwad/APIBDD/git/blobs{/sha}","git_tags_url":"https://api.github.com/repos/maradwad/APIBDD/git/tags{/sha}","git_refs_url":"https://api.github.com/repos/maradwad/APIBDD/git/refs{/sha}","trees_url":"https://api.github.com/repos/maradwad/APIBDD/git/trees{/sha}","statuses_url":"https://api.github.com/repos/maradwad/APIBDD/statuses/{sha}","languages_url":"https://api.github.com/repos/maradwad/APIBDD/languages","stargazers_url":"https://api.github.com/repos/maradwad/APIBDD/stargazers","contributors_url":"https://api.github.com/repos/maradwad/APIBDD/contributors","subscribers_url":"https://api.github.com/repos/maradwad/APIBDD/subscribers","subscription_url":"https://api.github.com/repos/maradwad/APIBDD/subscription","commits_url":"https://api.github.com/repos/maradwad/APIBDD/commits{/sha}","git_commits_url":"https://api.github.com/repos/maradwad/APIBDD/git/commits{/sha}","comments_url":"https://api.github.com/repos/maradwad/APIBDD/comments{/number}","issue_comment_url":"https://api.github.com/repos/maradwad/APIBDD/issues/comments{/number}","contents_url":"https://api.github.com/repos/maradwad/APIBDD/contents/{+path}","compare_url":"https://api.github.com/repos/maradwad/APIBDD/compare/{base}...{head}","merges_url":"https://api.github.com/repos/maradwad/APIBDD/merges","archive_url":"https://api.github.com/repos/maradwad/APIBDD/{archive_format}{/ref}","downloads_url":"https://api.github.com/repos/maradwad/APIBDD/downloads","issues_url":"https://api.github.com/repos/maradwad/APIBDD/issues{/number}","pulls_url":"https://api.github.com/repos/maradwad/APIBDD/pulls{/number}","milestones_url":"https://api.github.com/repos/maradwad/APIBDD/milestones{/number}","notifications_url":"https://api.github.com/repos/maradwad/APIBDD/notifications{?since,all,participating}","labels_url":"https://api.github.com/repos/maradwad/APIBDD/labels{/name}","releases_url":"https://api.github.com/repos/maradwad/APIBDD/releases{/id}","deployments_url":"https://api.github.com/repos/maradwad/APIBDD/deployments","created_at":"2023-05-31T06:35:15Z","updated_at":"2023-05-31T06:35:16Z","pushed_at":"2023-05-31T06:35:16Z","git_url":"git://github.com/maradwad/APIBDD.git","ssh_url":"git@github.com:maradwad/APIBDD.git","clone_url":"https://github.com/maradwad/APIBDD.git","svn_url":"https://github.com/maradwad/APIBDD","homepage":null,"size":0,"stargazers_count":0,"watchers_count":0,"language":null,"has_issues":true,"has_projects":true,"has_downloads":true,"has_wiki":true,"has_pages":false,"has_discussions":false,"forks_count":0,"mirror_url":null,"archived":false,"disabled":false,"open_issues_count":0,"license":null,"allow_forking":true,"is_template":false,"web_commit_signoff_required":false,"topics":[],"visibility":"public","forks":0,"open_issues":0,"watchers":0,"default_branch":"main","permissions":{"admin":true,"maintain":true,"push":true,"triage":true,"pull":true},"allow_squash_merge":true,"allow_merge_commit":true,"allow_rebase_merge":true,"allow_auto_merge":false,"delete_branch_on_merge":false,"allow_update_branch":false,"use_squash_pr_title_as_default":false,"squash_merge_commit_message":"COMMIT_MESSAGES","squash_merge_commit_title":"COMMIT_OR_PR_TITLE","merge_commit_message":"PR_TITLE","merge_commit_title":"MERGE_MESSAGE","network_count":0,"subscribers_count":0}
[main] INFO  resource.commonUtils.RestLogger  - XXXXXXXXXXXXXXXXXX     -E--N--D-     XXXXXXXXXXXXXXXXXX
[main] INFO  resource.commonUtils.RestLogger  - XXXXXXXXXXXXXXXXXX*************************XXXXXXXXXXXXXXXXXX
[main] INFO  resource.commonUtils.RestLogger  - XXXXXXXXXXXXXXXXXX*************************XXXXXXXXXXXXXXXXXX
[main] INFO  resource.commonUtils.RestLogger  - X
[main] INFO  resource.commonUtils.RestLogger  - X
[main] INFO  resource.commonUtils.RestLogger  - X
[main] INFO  resource.commonUtils.RestLogger  - X
[main] INFO  resource.commonUtils.RestLogger  - ********************************************************
[main] INFO  resource.commonUtils.RestLogger  - ********************************************************
[main] INFO  resource.commonUtils.RestLogger  - $$$$$$$$$$$$$$$      Verify delete Repo API     $$$$$$$$$$$$$$
[main] INFO  resource.commonUtils.RestLogger  - ********************************************************
[main] INFO  resource.commonUtils.RestLogger  - ********************************************************
[main] INFO  resource.commonUtils.RestLogger  - Delete URI is-https://api.github.com/repos/maradwad/madhuri
[main] INFO  resource.commonUtils.RestLogger  - XXXXXXXXXXXXXXXXXX     -E--N--D-     XXXXXXXXXXXXXXXXXX
[main] INFO  resource.commonUtils.RestLogger  - XXXXXXXXXXXXXXXXXX*************************XXXXXXXXXXXXXXXXXX
[main] INFO  resource.commonUtils.RestLogger  - XXXXXXXXXXXXXXXXXX*************************XXXXXXXXXXXXXXXXXX
[main] INFO  resource.commonUtils.RestLogger  - X
[main] INFO  resource.commonUtils.RestLogger  - X
[main] INFO  resource.commonUtils.RestLogger  - X
[main] INFO  resource.commonUtils.RestLogger  - X
[main] INFO  resource.commonUtils.RestLogger  - ********************************************************
[main] INFO  resource.commonUtils.RestLogger  - ********************************************************
[main] INFO  resource.commonUtils.RestLogger  - $$$$$$$$$$$$$$$      Verify delete Repo API     $$$$$$$$$$$$$$
[main] INFO  resource.commonUtils.RestLogger  - ********************************************************
[main] INFO  resource.commonUtils.RestLogger  - ********************************************************
[main] INFO  resource.commonUtils.RestLogger  - Delete URI is-https://api.github.com/repos/maradwad/APIBDD
[main] INFO  resource.commonUtils.RestLogger  - XXXXXXXXXXXXXXXXXX     -E--N--D-     XXXXXXXXXXXXXXXXXX
[main] INFO  resource.commonUtils.RestLogger  - XXXXXXXXXXXXXXXXXX*************************XXXXXXXXXXXXXXXXXX
[main] INFO  resource.commonUtils.RestLogger  - XXXXXXXXXXXXXXXXXX*************************XXXXXXXXXXXXXXXXXX
[main] INFO  resource.commonUtils.RestLogger  - X
[main] INFO  resource.commonUtils.RestLogger  - X
[main] INFO  resource.commonUtils.RestLogger  - X
[main] INFO  resource.commonUtils.RestLogger  - X
